This is pdfTeX, Version 3.14159265-2.6-1.40.20 (TeX Live 2019/Debian) (preloaded format=pdflatex 2020.3.10)  12 MAR 2020 13:22
entering extended mode
 restricted \write18 enabled.
 %&-line parsing enabled.
**Masterarbeit.tex
(./Masterarbeit.tex
LaTeX2e <2020-02-02> patch level 5
L3 programming layer <2020-02-25>
(/usr/share/texlive/texmf-dist/tex/latex/base/report.cls
Document Class: report 2019/12/20 v1.4l Standard LaTeX document class
(/usr/share/texlive/texmf-dist/tex/latex/base/size12.clo
File: size12.clo 2019/12/20 v1.4l Standard LaTeX file (size option)
)
\c@part=\count167
\c@chapter=\count168
\c@section=\count169
\c@subsection=\count170
\c@subsubsection=\count171
\c@paragraph=\count172
\c@subparagraph=\count173
\c@figure=\count174
\c@table=\count175
\abovecaptionskip=\skip47
\belowcaptionskip=\skip48
\bibindent=\dimen134
)
(/usr/share/texlive/texmf-dist/tex/latex/base/inputenc.sty
Package: inputenc 2018/08/11 v1.3c Input encoding file
\inpenc@prehook=\toks15
\inpenc@posthook=\toks16
)
(/usr/share/texlive/texmf-dist/tex/generic/babel/babel.sty
Package: babel 2020/02/28 3.41 The Babel package

(/usr/share/texlive/texmf-dist/tex/generic/babel/switch.def
File: switch.def 2020/02/28 3.41 Babel switching mechanism
)
(/usr/share/texlive/texmf-dist/tex/generic/babel-german/ngerman.ldf
Language: ngerman 2018/12/08 v2.11 German support for babel (post-1996 orthogra
phy)

(/usr/share/texlive/texmf-dist/tex/generic/babel-german/ngermanb.ldf
Language: ngermanb 2018/12/08 v2.11 German support for babel (post-1996 orthogr
aphy)

(/usr/share/texlive/texmf-dist/tex/generic/babel/babel.def
File: babel.def 2020/02/28 3.41 Babel common definitions
\babel@savecnt=\count176
\U@D=\dimen135

(/usr/share/texlive/texmf-dist/tex/generic/babel/txtbabel.def)
\bbl@readstream=\read2
\bbl@dirlevel=\count177
)
Package babel Info: Making " an active character on input line 121.
)))
(/usr/share/texlive/texmf-dist/tex/latex/base/fontenc.sty
Package: fontenc 2020/02/11 v2.0o Standard LaTeX package
)
(/usr/share/texlive/texmf-dist/tex/latex/amsmath/amsmath.sty
Package: amsmath 2020/01/20 v2.17e AMS math features
\@mathmargin=\skip49

For additional information on amsmath, use the `?' option.
(/usr/share/texlive/texmf-dist/tex/latex/amsmath/amstext.sty
Package: amstext 2000/06/29 v2.01 AMS text

(/usr/share/texlive/texmf-dist/tex/latex/amsmath/amsgen.sty
File: amsgen.sty 1999/11/30 v2.0 generic functions
\@emptytoks=\toks17
\ex@=\dimen136
))
(/usr/share/texlive/texmf-dist/tex/latex/amsmath/amsbsy.sty
Package: amsbsy 1999/11/29 v1.2d Bold Symbols
\pmbraise@=\dimen137
)
(/usr/share/texlive/texmf-dist/tex/latex/amsmath/amsopn.sty
Package: amsopn 2016/03/08 v2.02 operator names
)
\inf@bad=\count178
LaTeX Info: Redefining \frac on input line 227.
\uproot@=\count179
\leftroot@=\count180
LaTeX Info: Redefining \overline on input line 389.
\classnum@=\count181
\DOTSCASE@=\count182
LaTeX Info: Redefining \ldots on input line 486.
LaTeX Info: Redefining \dots on input line 489.
LaTeX Info: Redefining \cdots on input line 610.
\Mathstrutbox@=\box45
\strutbox@=\box46
\big@size=\dimen138
LaTeX Font Info:    Redeclaring font encoding OML on input line 733.
LaTeX Font Info:    Redeclaring font encoding OMS on input line 734.
\macc@depth=\count183
\c@MaxMatrixCols=\count184
\dotsspace@=\muskip16
\c@parentequation=\count185
\dspbrk@lvl=\count186
\tag@help=\toks18
\row@=\count187
\column@=\count188
\maxfields@=\count189
\andhelp@=\toks19
\eqnshift@=\dimen139
\alignsep@=\dimen140
\tagshift@=\dimen141
\tagwidth@=\dimen142
\totwidth@=\dimen143
\lineht@=\dimen144
\@envbody=\toks20
\multlinegap=\skip50
\multlinetaggap=\skip51
\mathdisplay@stack=\toks21
LaTeX Info: Redefining \[ on input line 2859.
LaTeX Info: Redefining \] on input line 2860.
)
(/usr/share/texlive/texmf-dist/tex/latex/braket/braket.sty)
(/usr/share/texlive/texmf-dist/tex/latex/amsfonts/amssymb.sty
Package: amssymb 2013/01/14 v3.01 AMS font symbols

(/usr/share/texlive/texmf-dist/tex/latex/amsfonts/amsfonts.sty
Package: amsfonts 2013/01/14 v3.01 Basic AMSFonts support
\symAMSa=\mathgroup4
\symAMSb=\mathgroup5
LaTeX Font Info:    Redeclaring math symbol \hbar on input line 98.
LaTeX Font Info:    Overwriting math alphabet `\mathfrak' in version `bold'
(Font)                  U/euf/m/n --> U/euf/b/n on input line 106.
))
(/usr/share/texlive/texmf-dist/tex/latex/graphics/graphicx.sty
Package: graphicx 2019/11/30 v1.2a Enhanced LaTeX Graphics (DPC,SPQR)

(/usr/share/texlive/texmf-dist/tex/latex/graphics/keyval.sty
Package: keyval 2014/10/28 v1.15 key=value parser (DPC)
\KV@toks@=\toks22
)
(/usr/share/texlive/texmf-dist/tex/latex/graphics/graphics.sty
Package: graphics 2019/11/30 v1.4a Standard LaTeX Graphics (DPC,SPQR)

(/usr/share/texlive/texmf-dist/tex/latex/graphics/trig.sty
Package: trig 2016/01/03 v1.10 sin cos tan (DPC)
)
(/usr/share/texlive/texmf-dist/tex/latex/graphics-cfg/graphics.cfg
File: graphics.cfg 2016/06/04 v1.11 sample graphics configuration
)
Package graphics Info: Driver file: pdftex.def on input line 105.

(/usr/share/texlive/texmf-dist/tex/latex/graphics-def/pdftex.def
File: pdftex.def 2018/01/08 v1.0l Graphics/color driver for pdftex
))
\Gin@req@height=\dimen145
\Gin@req@width=\dimen146
)
(/usr/share/texlive/texmf-dist/tex/latex/wrapfig/wrapfig.sty
\wrapoverhang=\dimen147
\WF@size=\dimen148
\c@WF@wrappedlines=\count190
\WF@box=\box47
\WF@everypar=\toks23
Package: wrapfig 2003/01/31  v 3.6
)
(/usr/share/texlive/texmf-dist/tex/latex/hyperref/hyperref.sty
Package: hyperref 2020/01/14 v7.00d Hypertext links for LaTeX

(/usr/share/texlive/texmf-dist/tex/generic/ltxcmds/ltxcmds.sty
Package: ltxcmds 2019/12/15 v1.24 LaTeX kernel commands for general use (HO)
)
(/usr/share/texlive/texmf-dist/tex/generic/iftex/iftex.sty
Package: iftex 2019/11/07 v1.0c TeX engine tests
)
(/usr/share/texlive/texmf-dist/tex/latex/pdftexcmds/pdftexcmds.sty
Package: pdftexcmds 2019/11/24 v0.31 Utility functions of pdfTeX for LuaTeX (HO
)

(/usr/share/texlive/texmf-dist/tex/generic/infwarerr/infwarerr.sty
Package: infwarerr 2019/12/03 v1.5 Providing info/warning/error messages (HO)
)
Package pdftexcmds Info: \pdf@primitive is available.
Package pdftexcmds Info: \pdf@ifprimitive is available.
Package pdftexcmds Info: \pdfdraftmode found.
)
(/usr/share/texlive/texmf-dist/tex/generic/kvsetkeys/kvsetkeys.sty
Package: kvsetkeys 2019/12/15 v1.18 Key value parser (HO)
)
(/usr/share/texlive/texmf-dist/tex/generic/kvdefinekeys/kvdefinekeys.sty
Package: kvdefinekeys 2019-12-19 v1.6 Define keys (HO)
)
(/usr/share/texlive/texmf-dist/tex/generic/pdfescape/pdfescape.sty
Package: pdfescape 2019/12/09 v1.15 Implements pdfTeX's escape features (HO)
)
(/usr/share/texlive/texmf-dist/tex/latex/hycolor/hycolor.sty
Package: hycolor 2020-01-27 v1.10 Color options for hyperref/bookmark (HO)
)
(/usr/share/texlive/texmf-dist/tex/latex/letltxmacro/letltxmacro.sty
Package: letltxmacro 2019/12/03 v1.6 Let assignment for LaTeX macros (HO)
)
(/usr/share/texlive/texmf-dist/tex/latex/auxhook/auxhook.sty
Package: auxhook 2019-12-17 v1.6 Hooks for auxiliary files (HO)
)
(/usr/share/texlive/texmf-dist/tex/latex/kvoptions/kvoptions.sty
Package: kvoptions 2019/11/29 v3.13 Key value format for package options (HO)
)
\@linkdim=\dimen149
\Hy@linkcounter=\count191
\Hy@pagecounter=\count192

(/usr/share/texlive/texmf-dist/tex/latex/hyperref/pd1enc.def
File: pd1enc.def 2020/01/14 v7.00d Hyperref: PDFDocEncoding definition (HO)
Now handling font encoding PD1 ...
... no UTF-8 mapping file for font encoding PD1
)
(/usr/share/texlive/texmf-dist/tex/generic/intcalc/intcalc.sty
Package: intcalc 2019/12/15 v1.3 Expandable calculations with integers (HO)
)
(/usr/share/texlive/texmf-dist/tex/generic/etexcmds/etexcmds.sty
Package: etexcmds 2019/12/15 v1.7 Avoid name clashes with e-TeX commands (HO)
)
\Hy@SavedSpaceFactor=\count193
\pdfmajorversion=\count194
Package hyperref Info: Hyper figures OFF on input line 4547.
Package hyperref Info: Link nesting OFF on input line 4552.
Package hyperref Info: Hyper index ON on input line 4555.
Package hyperref Info: Plain pages OFF on input line 4562.
Package hyperref Info: Backreferencing OFF on input line 4567.
Package hyperref Info: Implicit mode ON; LaTeX internals redefined.
Package hyperref Info: Bookmarks ON on input line 4800.
\c@Hy@tempcnt=\count195

(/usr/share/texlive/texmf-dist/tex/latex/url/url.sty
\Urlmuskip=\muskip17
Package: url 2013/09/16  ver 3.4  Verb mode for urls, etc.
)
LaTeX Info: Redefining \url on input line 5159.
\XeTeXLinkMargin=\dimen150

(/usr/share/texlive/texmf-dist/tex/generic/bitset/bitset.sty
Package: bitset 2019/12/09 v1.3 Handle bit-vector datatype (HO)

(/usr/share/texlive/texmf-dist/tex/generic/bigintcalc/bigintcalc.sty
Package: bigintcalc 2019/12/15 v1.5 Expandable calculations on big integers (HO
)
))
\Fld@menulength=\count196
\Field@Width=\dimen151
\Fld@charsize=\dimen152
Package hyperref Info: Hyper figures OFF on input line 6430.
Package hyperref Info: Link nesting OFF on input line 6435.
Package hyperref Info: Hyper index ON on input line 6438.
Package hyperref Info: backreferencing OFF on input line 6445.
Package hyperref Info: Link coloring OFF on input line 6450.
Package hyperref Info: Link coloring with OCG OFF on input line 6455.
Package hyperref Info: PDF/A mode OFF on input line 6460.
LaTeX Info: Redefining \ref on input line 6500.
LaTeX Info: Redefining \pageref on input line 6504.

(/usr/share/texlive/texmf-dist/tex/generic/atbegshi/atbegshi.sty
Package: atbegshi 2019/12/05 v1.19 At begin shipout hook (HO)
)
\Hy@abspage=\count197
\c@Item=\count198
\c@Hfootnote=\count199
)
Package hyperref Info: Driver (autodetected): hpdftex.

(/usr/share/texlive/texmf-dist/tex/latex/hyperref/hpdftex.def
File: hpdftex.def 2020/01/14 v7.00d Hyperref driver for pdfTeX

(/usr/share/texlive/texmf-dist/tex/latex/atveryend/atveryend.sty
Package: atveryend 2019-12-11 v1.11 Hooks at the very end of document (HO)
Package atveryend Info: \enddocument detected (standard20110627).
)
\Fld@listcount=\count266
\c@bookmark@seq@number=\count267

(/usr/share/texlive/texmf-dist/tex/latex/rerunfilecheck/rerunfilecheck.sty
Package: rerunfilecheck 2019/12/05 v1.9 Rerun checks for auxiliary files (HO)

(/usr/share/texlive/texmf-dist/tex/generic/uniquecounter/uniquecounter.sty
Package: uniquecounter 2019/12/15 v1.4 Provide unlimited unique counter (HO)
)
Package uniquecounter Info: New unique counter `rerunfilecheck' on input line 2
86.
)
\Hy@SectionHShift=\skip52
)
(/usr/share/texlive/texmf-dist/tex/latex/float/float.sty
Package: float 2001/11/08 v1.3d Float enhancements (AL)
\c@float@type=\count268
\float@exts=\toks24
\float@box=\box48
\@float@everytoks=\toks25
\@floatcapt=\box49
)
(/usr/share/texmf/tex/latex/lm/lmodern.sty
Package: lmodern 2009/10/30 v1.6 Latin Modern Fonts
LaTeX Font Info:    Overwriting symbol font `operators' in version `normal'
(Font)                  OT1/cmr/m/n --> OT1/lmr/m/n on input line 22.
LaTeX Font Info:    Overwriting symbol font `letters' in version `normal'
(Font)                  OML/cmm/m/it --> OML/lmm/m/it on input line 23.
LaTeX Font Info:    Overwriting symbol font `symbols' in version `normal'
(Font)                  OMS/cmsy/m/n --> OMS/lmsy/m/n on input line 24.
LaTeX Font Info:    Overwriting symbol font `largesymbols' in version `normal'
(Font)                  OMX/cmex/m/n --> OMX/lmex/m/n on input line 25.
LaTeX Font Info:    Overwriting symbol font `operators' in version `bold'
(Font)                  OT1/cmr/bx/n --> OT1/lmr/bx/n on input line 26.
LaTeX Font Info:    Overwriting symbol font `letters' in version `bold'
(Font)                  OML/cmm/b/it --> OML/lmm/b/it on input line 27.
LaTeX Font Info:    Overwriting symbol font `symbols' in version `bold'
(Font)                  OMS/cmsy/b/n --> OMS/lmsy/b/n on input line 28.
LaTeX Font Info:    Overwriting symbol font `largesymbols' in version `bold'
(Font)                  OMX/cmex/m/n --> OMX/lmex/m/n on input line 29.
LaTeX Font Info:    Overwriting math alphabet `\mathbf' in version `normal'
(Font)                  OT1/cmr/bx/n --> OT1/lmr/bx/n on input line 31.
LaTeX Font Info:    Overwriting math alphabet `\mathsf' in version `normal'
(Font)                  OT1/cmss/m/n --> OT1/lmss/m/n on input line 32.
LaTeX Font Info:    Overwriting math alphabet `\mathit' in version `normal'
(Font)                  OT1/cmr/m/it --> OT1/lmr/m/it on input line 33.
LaTeX Font Info:    Overwriting math alphabet `\mathtt' in version `normal'
(Font)                  OT1/cmtt/m/n --> OT1/lmtt/m/n on input line 34.
LaTeX Font Info:    Overwriting math alphabet `\mathbf' in version `bold'
(Font)                  OT1/cmr/bx/n --> OT1/lmr/bx/n on input line 35.
LaTeX Font Info:    Overwriting math alphabet `\mathsf' in version `bold'
(Font)                  OT1/cmss/bx/n --> OT1/lmss/bx/n on input line 36.
LaTeX Font Info:    Overwriting math alphabet `\mathit' in version `bold'
(Font)                  OT1/cmr/bx/it --> OT1/lmr/bx/it on input line 37.
LaTeX Font Info:    Overwriting math alphabet `\mathtt' in version `bold'
(Font)                  OT1/cmtt/m/n --> OT1/lmtt/m/n on input line 38.
)
(/usr/share/texlive/texmf-dist/tex/latex/cleveref/cleveref.sty
Package: cleveref 2018/03/27 v0.21.4 Intelligent cross-referencing
Package cleveref Info: `hyperref' support loaded on input line 2370.
LaTeX Info: Redefining \cref on input line 2370.
LaTeX Info: Redefining \Cref on input line 2370.
LaTeX Info: Redefining \crefrange on input line 2370.
LaTeX Info: Redefining \Crefrange on input line 2370.
LaTeX Info: Redefining \cpageref on input line 2370.
LaTeX Info: Redefining \Cpageref on input line 2370.
LaTeX Info: Redefining \cpagerefrange on input line 2370.
LaTeX Info: Redefining \Cpagerefrange on input line 2370.
LaTeX Info: Redefining \labelcref on input line 2370.
LaTeX Info: Redefining \labelcpageref on input line 2370.
)
(/usr/share/texlive/texmf-dist/tex/latex/blindtext/blindtext.sty
Package: blindtext 2012/01/06 V2.0 blindtext-Package

(/usr/share/texlive/texmf-dist/tex/latex/tools/xspace.sty
Package: xspace 2014/10/28 v1.13 Space after command names (DPC,MH)
)
\c@blindtext=\count269
\c@Blindtext=\count270
\c@blind@countparstart=\count271
\blind@countxx=\count272
\blindtext@numBlindtext=\count273
\blind@countyy=\count274
\c@blindlist=\count275
\c@blindlistlevel=\count276
\c@blindlist@level=\count277
\blind@listitem=\count278
\c@blind@listcount=\count279
\c@blind@levelcount=\count280
\blind@mathformula=\count281
\blind@Mathformula=\count282
\c@blind@randomcount=\count283
\c@blind@randommax=\count284
\c@blind@pangramcount=\count285
\c@blind@pangrammax=\count286
)
(/usr/share/texlive/texmf-dist/tex/latex/l3backend/l3backend-pdfmode.def
File: l3backend-pdfmode.def 2020-02-23 L3 backend support: PDF mode
\l__kernel_color_stack_int=\count287
\l__pdf_internal_box=\box50
)
(./Masterarbeit.aux)
\openout1 = `Masterarbeit.aux'.

LaTeX Font Info:    Checking defaults for OML/cmm/m/it on input line 19.
LaTeX Font Info:    ... okay on input line 19.
LaTeX Font Info:    Checking defaults for OMS/cmsy/m/n on input line 19.
LaTeX Font Info:    ... okay on input line 19.
LaTeX Font Info:    Checking defaults for OT1/cmr/m/n on input line 19.
LaTeX Font Info:    ... okay on input line 19.
LaTeX Font Info:    Checking defaults for T1/cmr/m/n on input line 19.
LaTeX Font Info:    ... okay on input line 19.
LaTeX Font Info:    Checking defaults for TS1/cmr/m/n on input line 19.
LaTeX Font Info:    ... okay on input line 19.
LaTeX Font Info:    Checking defaults for OMX/cmex/m/n on input line 19.
LaTeX Font Info:    ... okay on input line 19.
LaTeX Font Info:    Checking defaults for U/cmr/m/n on input line 19.
LaTeX Font Info:    ... okay on input line 19.
LaTeX Font Info:    Checking defaults for PD1/pdf/m/n on input line 19.
LaTeX Font Info:    ... okay on input line 19.
LaTeX Font Info:    Trying to load font information for T1+lmr on input line 19
.
 (/usr/share/texmf/tex/latex/lm/t1lmr.fd
File: t1lmr.fd 2009/10/30 v1.6 Font defs for Latin Modern
)
(/usr/share/texlive/texmf-dist/tex/context/base/mkii/supp-pdf.mkii
[Loading MPS to PDF converter (version 2006.09.02).]
\scratchcounter=\count288
\scratchdimen=\dimen153
\scratchbox=\box51
\nofMPsegments=\count289
\nofMParguments=\count290
\everyMPshowfont=\toks26
\MPscratchCnt=\count291
\MPscratchDim=\dimen154
\MPnumerator=\count292
\makeMPintoPDFobject=\count293
\everyMPtoPDFconversion=\toks27
) (/usr/share/texlive/texmf-dist/tex/latex/epstopdf-pkg/epstopdf-base.sty
Package: epstopdf-base 2020-01-24 v2.11 Base part for package epstopdf
Package epstopdf-base Info: Redefining graphics rule for `.eps' on input line 4
85.

(/usr/share/texlive/texmf-dist/tex/latex/latexconfig/epstopdf-sys.cfg
File: epstopdf-sys.cfg 2010/07/13 v1.3 Configuration of (r)epstopdf for TeX Liv
e
))
\AtBeginShipoutBox=\box52
Package hyperref Info: Link coloring OFF on input line 19.

(/usr/share/texlive/texmf-dist/tex/latex/hyperref/nameref.sty
Package: nameref 2019/09/16 v2.46 Cross-referencing by name of section

(/usr/share/texlive/texmf-dist/tex/latex/refcount/refcount.sty
Package: refcount 2019/12/15 v3.6 Data extraction from label references (HO)
)
(/usr/share/texlive/texmf-dist/tex/generic/gettitlestring/gettitlestring.sty
Package: gettitlestring 2019/12/15 v1.6 Cleanup title references (HO)
)
\c@section@level=\count294
)
LaTeX Info: Redefining \ref on input line 19.
LaTeX Info: Redefining \pageref on input line 19.
LaTeX Info: Redefining \nameref on input line 19.

(./Masterarbeit.out) (./Masterarbeit.out)
\@outlinefile=\write3
\openout3 = `Masterarbeit.out'.

<DLR.jpg, id=152, 722.7pt x 481.8pt>
File: DLR.jpg Graphic file (type jpg)
<use DLR.jpg>
Package pdftex.def Info: DLR.jpg  used on input line 30.
(pdftex.def)             Requested size: 292.5pt x 194.99559pt.
 [1

{/var/lib/texmf/fonts/map/pdftex/updmap/pdftex.map} <./DLR.jpg>] (./Masterarbei
t.toc
LaTeX Font Info:    Trying to load font information for OT1+lmr on input line 4
.

(/usr/share/texmf/tex/latex/lm/ot1lmr.fd
File: ot1lmr.fd 2009/10/30 v1.6 Font defs for Latin Modern
)
LaTeX Font Info:    Trying to load font information for OML+lmm on input line 4
.

(/usr/share/texmf/tex/latex/lm/omllmm.fd
File: omllmm.fd 2009/10/30 v1.6 Font defs for Latin Modern
)
LaTeX Font Info:    Trying to load font information for OMS+lmsy on input line 
4.

(/usr/share/texmf/tex/latex/lm/omslmsy.fd
File: omslmsy.fd 2009/10/30 v1.6 Font defs for Latin Modern
)
LaTeX Font Info:    Trying to load font information for OMX+lmex on input line 
4.

(/usr/share/texmf/tex/latex/lm/omxlmex.fd
File: omxlmex.fd 2009/10/30 v1.6 Font defs for Latin Modern
)
LaTeX Font Info:    External font `lmex10' loaded for size
(Font)              <12> on input line 4.
LaTeX Font Info:    External font `lmex10' loaded for size
(Font)              <8> on input line 4.
LaTeX Font Info:    External font `lmex10' loaded for size
(Font)              <6> on input line 4.
LaTeX Font Info:    Trying to load font information for U+msa on input line 4.

(/usr/share/texlive/texmf-dist/tex/latex/amsfonts/umsa.fd
File: umsa.fd 2013/01/14 v3.01 AMS symbols A
)
LaTeX Font Info:    Trying to load font information for U+msb on input line 4.

(/usr/share/texlive/texmf-dist/tex/latex/amsfonts/umsb.fd
File: umsb.fd 2013/01/14 v3.01 AMS symbols B
) [2

]
Overfull \hbox (0.25122pt too wide) in paragraph at lines 33--33
 [][] [][]\T1/lmr/m/n/12 Einzelner Wal-ker auf der Nah-rungs-ma-trix mit disord
er- 
 []

)
\tf@toc=\write4
\openout4 = `Masterarbeit.toc'.

 [3]
Kapitel 1.
[1


] [2] [3]
Kapitel 2.
<Percolation1.jpg, id=251, 477.785pt x 279.0425pt>
File: Percolation1.jpg Graphic file (type jpg)
<use Percolation1.jpg>
Package pdftex.def Info: Percolation1.jpg  used on input line 66.
(pdftex.def)             Requested size: 286.6732pt x 167.42679pt.
[4

pdfTeX warning (ext4): destination with the same identifier (name{figure.2.1}) 
has been already used, duplicate ignored

\AtBegShi@Output ...ipout \box \AtBeginShipoutBox 
                                                  \fi \fi 
l.77 
      <./Percolation1.jpg>]
<H-K_algorithm.png, id=261, 347.04657pt x 317.68687pt>
File: H-K_algorithm.png Graphic file (type png)
<use H-K_algorithm.png>
Package pdftex.def Info: H-K_algorithm.png  used on input line 83.
(pdftex.def)             Requested size: 173.52286pt x 158.84303pt.
 [5] [6pdfTeX warning (ext4): destination with the same identifier (name{figure
.2.2}) has been already used, duplicate ignored

\AtBegShi@Output ...ipout \box \AtBeginShipoutBox 
                                                  \fi \fi 
l.87 \newpage
              <./H-K_algorithm.png>]
Overfull \hbox (42.44504pt too wide) in paragraph at lines 88--88
[]\T1/lmr/bx/n/14.4 Implementierung des Hoshen-Kopelmann-Algorithmus 
 []

[7]
<HSK_pseudocode.png, id=281, 660.96938pt x 557.83406pt>
File: HSK_pseudocode.png Graphic file (type png)
<use HSK_pseudocode.png>
Package pdftex.def Info: HSK_pseudocode.png  used on input line 94.
(pdftex.def)             Requested size: 462.6754pt x 390.48117pt.

Overfull \hbox (72.6754pt too wide) in paragraph at lines 94--95
 [][] 
 []

[8pdfTeX warning (ext4): destination with the same identifier (name{figure.2.3}
) has been already used, duplicate ignored

\AtBegShi@Output ...ipout \box \AtBeginShipoutBox 
                                                  \fi \fi 
l.98 \clearpage
                <./HSK_pseudocode.png (PNG copy)>]
<diagonalperc1.pdf, id=287, 433.62pt x 289.08pt>
File: diagonalperc1.pdf Graphic file (type pdf)
<use diagonalperc1.pdf>
Package pdftex.def Info: diagonalperc1.pdf  used on input line 105.
(pdftex.def)             Requested size: 260.17401pt x 173.44933pt.
<noperc1.pdf, id=289, 433.62pt x 289.08pt>
File: noperc1.pdf Graphic file (type pdf)
<use noperc1.pdf>
Package pdftex.def Info: noperc1.pdf  used on input line 114.
(pdftex.def)             Requested size: 260.17401pt x 173.44933pt.


LaTeX Warning: `!h' float specifier changed to `!ht'.

[9

pdfTeX warning (ext4): destination with the same identifier (name{figure.2.4}) 
has been already used, duplicate ignored

\AtBegShi@Output ...ipout \box \AtBeginShipoutBox 
                                                  \fi \fi 
l.126 
       <./diagonalperc1.pdf>]
<noperc2.pdf, id=308, 462.52798pt x 346.89601pt>
File: noperc2.pdf Graphic file (type pdf)
<use noperc2.pdf>
Package pdftex.def Info: noperc2.pdf  used on input line 129.
(pdftex.def)             Requested size: 277.51892pt x 208.1392pt.


LaTeX Warning: `!h' float specifier changed to `!ht'.

[10pdfTeX warning (ext4): destination with the same identifier (name{figure.2.5
}) has been already used, duplicate ignored

\AtBegShi@Output ...ipout \box \AtBeginShipoutBox 
                                                  \fi \fi 
l.134 
       <./noperc1.pdf>]
<diagcode.png, id=329, 558.58687pt x 414.04688pt>
File: diagcode.png Graphic file (type png)
<use diagcode.png>
Package pdftex.def Info: diagcode.png  used on input line 137.
(pdftex.def)             Requested size: 502.72354pt x 372.63873pt.

Overfull \hbox (112.72354pt too wide) in paragraph at lines 137--138
 [][] 
 []


LaTeX Warning: `!h' float specifier changed to `!ht'.

[11pdfTeX warning (ext4): destination with the same identifier (name{figure.2.6
}) has been already used, duplicate ignored

\AtBegShi@Output ...ipout \box \AtBeginShipoutBox 
                                                  \fi \fi 
l.141 \clearpage
                 <./noperc2.pdf>] [12pdfTeX warning (ext4): destination with th
e same identifier (name{figure.2.7}) has been already used, duplicate ignored

\AtBegShi@Output ...ipout \box \AtBeginShipoutBox 
                                                  \fi \fi 
l.141 \clearpage
                 <./diagcode.png (PNG copy)>]
Overfull \hbox (2.47453pt too wide) in paragraph at lines 156--162
\T1/lmr/m/n/12 Zuerst muss man die Hüpf-wahr-schein-lich-kei-ten fest-le-gen, a
l-so ob $[]$ ($\OML/lmm/m/it/12 f:n:N:$
 []

[13

]
LaTeX Font Info:    External font `lmex10' loaded for size
(Font)              <10> on input line 172.
LaTeX Font Info:    External font `lmex10' loaded for size
(Font)              <7> on input line 172.
LaTeX Font Info:    External font `lmex10' loaded for size
(Font)              <5> on input line 172.
<acpcold1000.pdf, id=363, 433.62pt x 289.08pt>
File: acpcold1000.pdf Graphic file (type pdf)
<use acpcold1000.pdf>
Package pdftex.def Info: acpcold1000.pdf  used on input line 175.
(pdftex.def)             Requested size: 390.2544pt x 260.16959pt.
 [14] [15pdfTeX warning (ext4): destination with the same identifier (name{figu
re.2.8}) has been already used, duplicate ignored

\AtBegShi@Output ...ipout \box \AtBeginShipoutBox 
                                                  \fi \fi 
l.179 \newpage
               <./acpcold1000.pdf>]
<newacpc100.pdf, id=420, 433.62pt x 505.89pt>
File: newacpc100.pdf Graphic file (type pdf)
<use newacpc100.pdf>
Package pdftex.def Info: newacpc100.pdf  used on input line 184.
(pdftex.def)             Requested size: 390.2544pt x 455.29678pt.

Overfull \hbox (3.03195pt too wide) in paragraph at lines 180--187
\T1/lmr/m/n/12 stim-men der Ab-lei-tung durch ei-ne 'central-difference' oder '
forward-difference'
 []


LaTeX Warning: `!h' float specifier changed to `!ht'.

[16]
<both100.pdf, id=426, 433.62pt x 289.08pt>
File: both100.pdf Graphic file (type pdf)
<use both100.pdf>
Package pdftex.def Info: both100.pdf  used on input line 194.
(pdftex.def)             Requested size: 390.2544pt x 260.16959pt.
 [17pdfTeX warning (ext4): destination with the same identifier (name{figure.2.
9}) has been already used, duplicate ignored

\AtBegShi@Output ...ipout \box \AtBeginShipoutBox 
                                                  \fi \fi 
l.197 
       <./newacpc100.pdf>] [18pdfTeX warning (ext4): destination with the same 
identifier (name{figure.2.10}) has been already used, duplicate ignored

\AtBegShi@Output ...ipout \box \AtBeginShipoutBox 
                                                  \fi \fi 
l.201 
       <./both100.pdf>]
<diagpc100.pdf, id=522, 433.62pt x 505.89pt>
File: diagpc100.pdf Graphic file (type pdf)
<use diagpc100.pdf>
Package pdftex.def Info: diagpc100.pdf  used on input line 204.
(pdftex.def)             Requested size: 390.2544pt x 455.29678pt.


LaTeX Warning: `!h' float specifier changed to `!ht'.

[19] [20pdfTeX warning (ext4): destination with the same identifier (name{figur
e.2.11}) has been already used, duplicate ignored

\AtBegShi@Output ...ipout \box \AtBeginShipoutBox 
                                                  \fi \fi 
l.214 \begin{align*}
                     <./diagpc100.pdf>]
<saw.png, id=582, 262.73157pt x 216.81pt>
File: saw.png Graphic file (type png)
<use saw.png>
Package pdftex.def Info: saw.png  used on input line 223.
(pdftex.def)             Requested size: 315.27629pt x 260.17068pt.


LaTeX Warning: `!h' float specifier changed to `!ht'.

<pacman.png, id=583, 1433.355pt x 1025.8325pt>
File: pacman.png Graphic file (type png)
<use pacman.png>
Package pdftex.def Info: pacman.png  used on input line 231.
(pdftex.def)             Requested size: 358.33788pt x 256.4575pt.

LaTeX Warning: `!h' float specifier changed to `!ht'.

[21]
<food.pdf, id=593, 433.62pt x 289.08pt>
File: food.pdf Graphic file (type pdf)
<use food.pdf>
Package pdftex.def Info: food.pdf  used on input line 244.
(pdftex.def)             Requested size: 390.2544pt x 260.16959pt.
 [22pdfTeX warning (ext4): destination with the same identifier (name{figure.2.
12}) has been already used, duplicate ignored

\AtBegShi@Output ...ipout \box \AtBeginShipoutBox 
                                                  \fi \fi 
l.247 \newpage
               <./saw.png (PNG copy)>]

LaTeX Warning: `!h' float specifier changed to `!ht'.

[23pdfTeX warning (ext4): destination with the same identifier (name{figure.2.1
3}) has been already used, duplicate ignored

\AtBegShi@Output ...ipout \box \AtBeginShipoutBox 
                                                  \fi \fi 
l.247 \newpage
               <./pacman.png>]
<newfood.pdf, id=608, 433.62pt x 289.08pt>
File: newfood.pdf Graphic file (type pdf)
<use newfood.pdf>
Package pdftex.def Info: newfood.pdf  used on input line 265.
(pdftex.def)             Requested size: 390.2544pt x 260.16959pt.


LaTeX Warning: `!h' float specifier changed to `!ht'.

[24pdfTeX warning (ext4): destination with the same identifier (name{figure.2.1
4}) has been already used, duplicate ignored

\AtBegShi@Output ...ipout \box \AtBeginShipoutBox 
                                                  \fi \fi 
l.268 \newpage
               <./food.pdf>] [25pdfTeX warning (ext4): destination with the sam
e identifier (name{figure.2.15}) has been already used, duplicate ignored

\AtBegShi@Output ...ipout \box \AtBeginShipoutBox 
                                                  \fi \fi 
l.271 \newpage
               <./newfood.pdf>]
<food_thomas.png, id=673, 770.12718pt x 511.9125pt>
File: food_thomas.png Graphic file (type png)
<use food_thomas.png>
Package pdftex.def Info: food_thomas.png  used on input line 276.
(pdftex.def)             Requested size: 385.06264pt x 255.95563pt.
 [26pdfTeX warning (ext4): destination with the same identifier (name{figure.2.
16}) has been already used, duplicate ignored

\AtBegShi@Output ...ipout \box \AtBeginShipoutBox 
                                                  \fi \fi 
l.280 \chapter
              {Viele Random-Walker auf dem freien Cluster mit Nahrung (2D)} <./
food_thomas.png (PNG copy)>]
Kapitel 3.

Overfull \hbox (8.25679pt too wide) in paragraph at lines 290--290
[]\T1/lmr/bx/n/17.28 Klassischer ge-gen suk-zes-si-ver Al-go-rith-mus 
 []

[27

]
<suc.pdf, id=685, 433.62pt x 289.08pt>
File: suc.pdf Graphic file (type pdf)
<use suc.pdf>
Package pdftex.def Info: suc.pdf  used on input line 301.
(pdftex.def)             Requested size: 390.2544pt x 260.16959pt.
 [28pdfTeX warning (ext4): destination with the same identifier (name{figure.3.
1}) has been already used, duplicate ignored

\AtBegShi@Output ...ipout \box \AtBeginShipoutBox 
                                                  \fi \fi 
l.305 \newpage
               <./suc.pdf>]
<mult_food.pdf, id=730, 462.52798pt x 346.89601pt>
File: mult_food.pdf Graphic file (type pdf)
<use mult_food.pdf>
Package pdftex.def Info: mult_food.pdf  used on input line 321.
(pdftex.def)             Requested size: 416.27133pt x 312.20352pt.

Overfull \hbox (26.27133pt too wide) in paragraph at lines 321--322
 [][] 
 []


LaTeX Warning: `!h' float specifier changed to `!ht'.

[29]
LaTeX Font Info:    Trying to load font information for T1+lmtt on input line 3
30.
 (/usr/share/texmf/tex/latex/lm/t1lmtt.fd
File: t1lmtt.fd 2009/10/30 v1.6 Font defs for Latin Modern
)
Underfull \hbox (badness 10000) in paragraph at lines 332--332
[][][][]$\T1/lmtt/m/n/10 https : / / gist . github . com / rougier / e5eafc276a
4e54f516ed5559df4242c0$[]
 []

<fractal.png, id=739, 432.86719pt x 475.7775pt>
File: fractal.png Graphic file (type png)
<use fractal.png>
Package pdftex.def Info: fractal.png  used on input line 337.
(pdftex.def)             Requested size: 346.2942pt x 380.6225pt.
[30pdfTeX warning (ext4): destination with the same identifier (name{figure.3.2
}) has been already used, duplicate ignored

\AtBegShi@Output ...ipout \box \AtBeginShipoutBox 
                                                  \fi \fi 
l.340 
       <./mult_food.pdf>]

LaTeX Warning: `!h' float specifier changed to `!ht'.

[31]
<10fractal.pdf, id=781, 433.62pt x 578.16pt>
File: 10fractal.pdf Graphic file (type pdf)
<use 10fractal.pdf>
Package pdftex.def Info: 10fractal.pdf  used on input line 350.
(pdftex.def)             Requested size: 325.2142pt x 433.61893pt.
 [32pdfTeX warning (ext4): destination with the same identifier (name{figure.3.
3}) has been already used, duplicate ignored

\AtBegShi@Output ...ipout \box \AtBeginShipoutBox 
                                                  \fi \fi 
l.352 \end{figure}
                   <./fractal.png (PNG copy)>] [33pdfTeX warning (ext4): destin
ation with the same identifier (name{figure.3.4}) has been already used, duplic
ate ignored

\AtBegShi@Output ...ipout \box \AtBeginShipoutBox 
                                                  \fi \fi 
l.354 \newpage
               <./10fractal.pdf>] [34]
<corrcode.png, id=835, 676.02562pt x 111.41624pt>
File: corrcode.png Graphic file (type png)
<use corrcode.png>
Package pdftex.def Info: corrcode.png  used on input line 375.
(pdftex.def)             Requested size: 473.21469pt x 77.99083pt.

Overfull \hbox (83.21469pt too wide) in paragraph at lines 375--376
 [][] 
 []


LaTeX Warning: `!h' float specifier changed to `!ht'.

[35] [36pdfTeX warning (ext4): destination with the same identifier (name{figur
e.3.5}) has been already used, duplicate ignored

\AtBegShi@Output ...ipout \box \AtBeginShipoutBox 
                                                  \fi \fi 
l.391 
       <./corrcode.png (PNG copy)>]
<corr1.pdf, id=848, 505.89pt x 722.7pt>
File: corr1.pdf Graphic file (type pdf)
<use corr1.pdf>
Package pdftex.def Info: corr1.pdf  used on input line 394.
(pdftex.def)             Requested size: 404.71254pt x 578.16078pt.

Overfull \hbox (14.71254pt too wide) in paragraph at lines 394--395
 [][] 
 []


LaTeX Warning: Float too large for page by 27.4941pt on input line 396.


LaTeX Warning: `!h' float specifier changed to `!ht'.

[37]
<corr10.pdf, id=853, 578.16pt x 433.62pt>
File: corr10.pdf Graphic file (type pdf)
<use corr10.pdf>
Package pdftex.def Info: corr10.pdf  used on input line 406.
(pdftex.def)             Requested size: 462.52863pt x 346.89647pt.

Overfull \hbox (72.52863pt too wide) in paragraph at lines 406--407
 [][] 
 []


LaTeX Warning: `!h' float specifier changed to `!ht'.

<corr5.pdf, id=854, 433.62pt x 361.35pt>
File: corr5.pdf Graphic file (type pdf)
<use corr5.pdf>
Package pdftex.def Info: corr5.pdf  used on input line 415.
(pdftex.def)             Requested size: 433.61894pt x 361.34912pt.

Overfull \hbox (43.61894pt too wide) in paragraph at lines 415--416
 [][] 
 []


LaTeX Warning: `!h' float specifier changed to `!ht'.


Underfull \hbox (badness 10000) in paragraph at lines 420--422
\T1/lmr/m/n/12 vek-tor $[]\OT1/lmr/m/n/12 (\OML/lmm/m/it/12 t[]\OT1/lmr/m/n/12 
)$ \T1/lmr/m/n/12 zur Zeit $\OML/lmm/m/it/12 t[]$ \T1/lmr/m/n/12 und dem Schrit
t-vek-tor 
 []

<autocorr.pdf, id=855, 433.62pt x 722.7pt>
File: autocorr.pdf Graphic file (type pdf)
<use autocorr.pdf>
Package pdftex.def Info: autocorr.pdf  used on input line 433.
(pdftex.def)             Requested size: 325.2142pt x 542.02367pt.

LaTeX Warning: `!h' float specifier changed to `!ht'.

[38] [39pdfTeX warning (ext4): destination with the same identifier (name{figur
e.3.6}) has been already used, duplicate ignored

\AtBegShi@Output ...ipout \box \AtBeginShipoutBox 
                                                  \fi \fi 
l.437 \clearpage
                 <./corr1.pdf>] [40pdfTeX warning (ext4): destination with the 
same identifier (name{figure.3.7}) has been already used, duplicate ignored

\AtBegShi@Output ...ipout \box \AtBeginShipoutBox 
                                                  \fi \fi 
l.437 \clearpage
                 <./corr10.pdf>] [41pdfTeX warning (ext4): destination with the
 same identifier (name{figure.3.8}) has been already used, duplicate ignored

\AtBegShi@Output ...ipout \box \AtBeginShipoutBox 
                                                  \fi \fi 
l.437 \clearpage
                 <./corr5.pdf>] [42pdfTeX warning (ext4): destination with the 
same identifier (name{figure.3.9}) has been already used, duplicate ignored

\AtBegShi@Output ...ipout \box \AtBeginShipoutBox 
                                                  \fi \fi 
l.437 \clearpage
                 <./autocorr.pdf>]
<usedmat.pdf, id=1039, 433.62pt x 289.08pt>
File: usedmat.pdf Graphic file (type pdf)
<use usedmat.pdf>
Package pdftex.def Info: usedmat.pdf  used on input line 444.
(pdftex.def)             Requested size: 346.89647pt x 231.2643pt.

Overfull \hbox (8.27094pt too wide) in paragraph at lines 452--452
[]\T1/lmr/bx/n/14.4 Minimalmodel ei-nes Wal-kers auf ei-nem Nah-rungs-
 []

[43

pdfTeX warning (ext4): destination with the same identifier (name{figure.3.10})
 has been already used, duplicate ignored

\AtBegShi@Output ...ipout \box \AtBeginShipoutBox 
                                                  \fi \fi 
l.454 
       <./usedmat.pdf>]
<single_walker_on20x20.pdf, id=1064, 433.62pt x 722.7pt>
File: single_walker_on20x20.pdf Graphic file (type pdf)
<use single_walker_on20x20.pdf>
Package pdftex.def Info: single_walker_on20x20.pdf  used on input line 457.
(pdftex.def)             Requested size: 303.53192pt x 505.88655pt.
 [44] [45pdfTeX warning (ext4): destination with the same identifier (name{figu
re.3.11}) has been already used, duplicate ignored

\AtBegShi@Output ...ipout \box \AtBeginShipoutBox 
                                                  \fi \fi 
l.471 
       <./single_walker_on20x20.pdf>]
<abc.pdf, id=1116, 578.16pt x 433.62pt>
File: abc.pdf Graphic file (type pdf)
<use abc.pdf>
Package pdftex.def Info: abc.pdf  used on input line 474.
(pdftex.def)             Requested size: 462.52863pt x 346.89647pt.

Overfull \hbox (72.52863pt too wide) in paragraph at lines 474--475
 [][] 
 []

[46] [47pdfTeX warning (ext4): destination with the same identifier (name{figur
e.3.12}) has been already used, duplicate ignored

\AtBegShi@Output ...ipout \box \AtBeginShipoutBox 
                                                  \fi \fi 
l.478 \newpage
               <./abc.pdf>]
<single_walker_on_used_mat_nodisorderavg.pdf, id=1164, 433.62pt x 722.7pt>
File: single_walker_on_used_mat_nodisorderavg.pdf Graphic file (type pdf)
<use single_walker_on_used_mat_nodisorderavg.pdf>
Package pdftex.def Info: single_walker_on_used_mat_nodisorderavg.pdf  used on i
nput line 495.
(pdftex.def)             Requested size: 303.53192pt x 505.88655pt.
 [48] [49pdfTeX warning (ext4): destination with the same identifier (name{figu
re.3.13}) has been already used, duplicate ignored

\AtBegShi@Output ...ipout \box \AtBeginShipoutBox 
                                                  \fi \fi 
l.498 \newpage
               <./single_walker_on_used_mat_nodisorderavg.pdf>]
<single_walker_on_used_mat_disorderavg.pdf, id=1211, 433.62pt x 722.7pt>
File: single_walker_on_used_mat_disorderavg.pdf Graphic file (type pdf)
<use single_walker_on_used_mat_disorderavg.pdf>
Package pdftex.def Info: single_walker_on_used_mat_disorderavg.pdf  used on inp
ut line 511.
(pdftex.def)             Requested size: 346.89647pt x 578.16078pt.
 [50]
Overfull \vbox (27.4941pt too high) has occurred while \output is active []


[51pdfTeX warning (ext4): destination with the same identifier (name{figure.3.1
4}) has been already used, duplicate ignored

\AtBegShi@Output ...ipout \box \AtBeginShipoutBox 
                                                  \fi \fi 
l.514 
       <./single_walker_on_used_mat_disorderavg.pdf>]
<alldens.pdf, id=1258, 433.62pt x 722.7pt>
File: alldens.pdf Graphic file (type pdf)
<use alldens.pdf>
Package pdftex.def Info: alldens.pdf  used on input line 529.
(pdftex.def)             Requested size: 346.89647pt x 578.16078pt.
 [52]
Overfull \vbox (27.4941pt too high) has occurred while \output is active []


[53pdfTeX warning (ext4): destination with the same identifier (name{figure.3.1
5}) has been already used, duplicate ignored

\AtBegShi@Output ...ipout \box \AtBeginShipoutBox 
                                                  \fi \fi 
l.532 
       <./alldens.pdf>]
Kapitel 4.
<onedmsd.pdf, id=1302, 433.62pt x 289.08pt>
File: onedmsd.pdf Graphic file (type pdf)
<use onedmsd.pdf>
Package pdftex.def Info: onedmsd.pdf  used on input line 550.
(pdftex.def)             Requested size: 368.57874pt x 245.71915pt.
[54

] [55pdfTeX warning (ext4): destination with the same identifier (name{figure.4
.1}) has been already used, duplicate ignored

\AtBegShi@Output ...ipout \box \AtBeginShipoutBox 
                                                  \fi \fi 
l.554 \newpage
               <./onedmsd.pdf>]
Overfull \hbox (6.16168pt too wide) in paragraph at lines 558--558
[]\T1/lmr/bx/n/17.28 Autokorrelation der Schrit-te im ein-di-men-
 []

<onedescp.pdf, id=1335, 578.16pt x 722.7pt>
File: onedescp.pdf Graphic file (type pdf)
<use onedescp.pdf>
Package pdftex.def Info: onedescp.pdf  used on input line 570.
(pdftex.def)             Requested size: 404.70924pt x 505.88655pt.

Overfull \hbox (14.70924pt too wide) in paragraph at lines 570--571
 [][] 
 []


LaTeX Warning: `!h' float specifier changed to `!ht'.

[56]

LaTeX Warning: Text page 57 contains only floats.

[57pdfTeX warning (ext4): destination with the same identifier (name{figure.4.2
}) has been already used, duplicate ignored

\AtBegShi@Output ...ipout \box \AtBeginShipoutBox 
                                                  \fi \fi 
l.578 \chapter
              {Viele Random-Walker auf dem perkolierenden Cluster mit Nahrun...
 <./onedescp.pdf>]
Kapitel 5.
(./Masterarbeit.bbl [58

]
Underfull \hbox (badness 10000) in paragraph at lines 38--40
[]\T1/lmr/m/n/12 21.10.2019 htt-ps://www.ocf.berkeley.edu/ fri-
 []

[59

])
Package atveryend Info: Empty hook `BeforeClearDocument' on input line 598.
 [60]
Package atveryend Info: Empty hook `AfterLastShipout' on input line 598.
 (./Masterarbeit.aux)
Package atveryend Info: Executing hook `AtVeryEndDocument' on input line 598.
Package atveryend Info: Executing hook `AtEndAfterFileList' on input line 598.
Package rerunfilecheck Info: File `Masterarbeit.out' has not changed.
(rerunfilecheck)             Checksum: C4F3087B5929E739682D3020ED90241F;3220.
Package atveryend Info: Empty hook `AtVeryVeryEnd' on input line 598.
 ) 
Here is how much of TeX's memory you used:
 9707 strings out of 482844
 156017 string characters out of 5957122
 431839 words of memory out of 5000000
 24595 multiletter control sequences out of 15000+600000
 598254 words of font info for 71 fonts, out of 8000000 for 9000
 36 hyphenation exceptions out of 8191
 34i,9n,31p,1361b,495s stack positions out of 5000i,500n,10000p,200000b,80000s
{/usr/share/texmf/fonts/enc/dvips/lm/lm-ec.enc}{/usr/share/texmf/fonts/enc/dv
ips/lm/lm-rm.enc}{/usr/share/texmf/fonts/enc/dvips/lm/lm-mathsy.enc}{/usr/share
/texmf/fonts/enc/dvips/lm/lm-mathit.enc}{/usr/share/texmf/fonts/enc/dvips/lm/lm
-mathex.enc}</usr/share/texmf/fonts/type1/public/lm/lmbx12.pfb></usr/share/texm
f/fonts/type1/public/lm/lmex10.pfb></usr/share/texmf/fonts/type1/public/lm/lmmi
12.pfb></usr/share/texmf/fonts/type1/public/lm/lmmi6.pfb></usr/share/texmf/font
s/type1/public/lm/lmmi8.pfb></usr/share/texmf/fonts/type1/public/lm/lmr10.pfb><
/usr/share/texmf/fonts/type1/public/lm/lmr12.pfb></usr/share/texmf/fonts/type1/
public/lm/lmr17.pfb></usr/share/texmf/fonts/type1/public/lm/lmr6.pfb></usr/shar
e/texmf/fonts/type1/public/lm/lmr7.pfb></usr/share/texmf/fonts/type1/public/lm/
lmr8.pfb></usr/share/texmf/fonts/type1/public/lm/lmri12.pfb></usr/share/texmf/f
onts/type1/public/lm/lmsy10.pfb></usr/share/texmf/fonts/type1/public/lm/lmsy8.p
fb></usr/share/texmf/fonts/type1/public/lm/lmtt10.pfb>
Output written on Masterarbeit.pdf (63 pages, 1180504 bytes).
PDF statistics:
 1493 PDF objects out of 1728 (max. 8388607)
 817 compressed objects within 9 object streams
 162 named destinations out of 1000 (max. 500000)
 467 words of extra memory for PDF output out of 10000 (max. 10000000)

